<?xml version="1.0" encoding="UTF-8"?>
<!-- Generated by org.testng.reporters.JUnitReportReporter -->
<testsuite hostname="DESKTOP-MQ9KKGC" failures="0" tests="1" name="PracticeTest.PracticeTest" time="0.421" errors="0" timestamp="2022-05-31T11:35:51 IST" skipped="0">
  <testcase classname="PracticeTest.PracticeTest" name="testName" time="0.421"/>
  <system-out>
    <![CDATA[Byyeee
null]]>
  </system-out>
</testsuite> <!-- PracticeTest.PracticeTest -->
